d:\vısual\sectıon2\bullcowgame\debug\vc140.pdb
d:\vısual\sectıon2\bullcowgame\debug\vc140.ıdb
d:\vısual\sectıon2\bullcowgame\debug\maın.obj
d:\vısual\sectıon2\bullcowgame\debug\fbullcowgame.obj
d:\vısual\sectıon2\debug\bullcowgame.ılk
d:\vısual\sectıon2\debug\bullcowgame.exe
d:\vısual\sectıon2\debug\bullcowgame.pdb
d:\visual\section2\bullcowgame\debug\fbullcowgame.obj
d:\visual\section2\bullcowgame\debug\main.obj
d:\visual\section2\bullcowgame\debug\vc140.idb
d:\visual\section2\bullcowgame\debug\vc140.pdb
d:\visual\section2\debug\bullcowgame.pdb
d:\visual\section2\debug\bullcowgame.exe
d:\visual\section2\debug\bullcowgame.ilk
d:\visual\section2\bullcowgame\debug\bullcowgame.tlog\cl.command.1.tlog
d:\visual\section2\bullcowgame\debug\bullcowgame.tlog\cl.read.1.tlog
d:\visual\section2\bullcowgame\debug\bullcowgame.tlog\cl.write.1.tlog
d:\visual\section2\bullcowgame\debug\bullcowgame.tlog\link.command.1.tlog
d:\visual\section2\bullcowgame\debug\bullcowgame.tlog\link.read.1.tlog
d:\visual\section2\bullcowgame\debug\bullcowgame.tlog\link.write.1.tlog
